<?xml version="1.0" encoding="UTF-8"?>
<!-- Generated by org.testng.reporters.JUnitReportReporter -->
<testsuite hostname="AbhilashKT" failures="0" tests="8" name="com.studennrol.testscripts.StudHomePageTest" time="34.377" errors="0" timestamp="2022-03-14T13:38:08 IST" skipped="0">
  <testcase classname="com.studennrol.testscripts.StudHomePageTest" name="verifyHomePageAftrLogin" time="6.131"/>
  <system-out/>
  <testcase classname="com.studennrol.testscripts.StudHomePageTest" name="verifyCoursePageAftrLogin" time="6.255"/>
  <system-out/>
  <testcase classname="com.studennrol.testscripts.StudHomePageTest" name="verifyCourseName" time="3.057"/>
  <system-out/>
  <testcase classname="com.studennrol.testscripts.StudHomePageTest" name="KnowMorebtn" time="3.174"/>
  <system-out/>
  <testcase classname="com.studennrol.testscripts.StudHomePageTest" name="CourseEnrollnowbtn" time="3.171"/>
  <system-out/>
  <testcase classname="com.studennrol.testscripts.StudHomePageTest" name="returnToHomePage" time="3.127"/>
  <system-out/>
  <testcase classname="com.studennrol.testscripts.StudHomePageTest" name="showMoreCoursebtnFrmHomePge" time="3.083"/>
  <system-out/>
  <testcase classname="com.studennrol.testscripts.StudHomePageTest" name="verifyStudentDetailsPageAftrLogin" time="6.379"/>
  <system-out/>
</testsuite> <!-- com.studennrol.testscripts.StudHomePageTest -->
