<?xml version="1.0" encoding="UTF-8"?>
<!-- Generated by org.testng.reporters.JUnitReportReporter -->
<testsuite hostname="AbhilashKT" failures="0" tests="5" name="com.studennrol.testscripts.StudLoginTest" time="52.614" errors="0" timestamp="2022-03-06T23:48:11 IST" skipped="0">
  <testcase classname="com.studennrol.testscripts.StudLoginTest" name="verifyLoginPage" time="4.063"/>
  <system-out/>
  <testcase classname="com.studennrol.testscripts.StudLoginTest" name="verifyInvalidCredential" time="13.712"/>
  <system-out/>
  <testcase classname="com.studennrol.testscripts.StudLoginTest" name="verifyInvalidPassword" time="12.594"/>
  <system-out/>
  <testcase classname="com.studennrol.testscripts.StudLoginTest" name="verifyInvalidUsername" time="12.614"/>
  <system-out/>
  <testcase classname="com.studennrol.testscripts.StudLoginTest" name="verifyValidLogin" time="9.631"/>
  <system-out/>
</testsuite> <!-- com.studennrol.testscripts.StudLoginTest -->
