<?xml version="1.0" encoding="UTF-8"?>
<!-- Generated by org.testng.reporters.JUnitReportReporter -->
<testsuite hostname="AbhilashKT" failures="0" tests="5" name="com.studennrol.testscripts.StudNewRegistrPageTest" time="107.812" errors="0" timestamp="2022-03-14T13:38:08 IST" skipped="0">
  <testcase classname="com.studennrol.testscripts.StudNewRegistrPageTest" name="verifyStudNewRegitrPage" time="3.274"/>
  <system-out/>
  <testcase classname="com.studennrol.testscripts.StudNewRegistrPageTest" name="regNewStudPageTitlTxtVerify" time="3.114"/>
  <system-out/>
  <testcase classname="com.studennrol.testscripts.StudNewRegistrPageTest" name="verifyLoginPage" time="3.147"/>
  <system-out/>
  <testcase classname="com.studennrol.testscripts.StudNewRegistrPageTest" name="regNewStudPageDetailsWithInvaldData" time="49.942"/>
  <system-out/>
  <testcase classname="com.studennrol.testscripts.StudNewRegistrPageTest" name="regNewStudPageDetailsWithValidData" time="48.335"/>
  <system-out/>
</testsuite> <!-- com.studennrol.testscripts.StudNewRegistrPageTest -->
