<?xml version="1.0" encoding="UTF-8"?>
<!-- Generated by org.testng.reporters.JUnitReportReporter -->
<testsuite hostname="AbhilashKT" failures="0" tests="2" name="com.studennrol.testscripts.HomePageTest" time="6.266" errors="0" timestamp="2022-03-14T13:38:08 IST" skipped="0">
  <testcase classname="com.studennrol.testscripts.HomePageTest" name="verifyHomePage" time="3.133"/>
  <system-out/>
  <testcase classname="com.studennrol.testscripts.HomePageTest" name="verifyLoginPage" time="3.133"/>
  <system-out/>
</testsuite> <!-- com.studennrol.testscripts.HomePageTest -->
