<?xml version="1.0" encoding="UTF-8"?>
<!-- Generated by org.testng.reporters.JUnitReportReporter -->
<testsuite hostname="AbhilashKT" failures="0" tests="9" name="com.studennrol.testscripts.StudDetailsPageTest" time="203.193" errors="0" timestamp="2022-03-14T13:38:08 IST" skipped="0">
  <testcase classname="com.studennrol.testscripts.StudDetailsPageTest" name="verifyStudDetailsPageAftrLogin" time="3.039"/>
  <system-out/>
  <testcase classname="com.studennrol.testscripts.StudDetailsPageTest" name="UpdateBtnClick" time="6.184"/>
  <system-out/>
  <testcase classname="com.studennrol.testscripts.StudDetailsPageTest" name="validateExistingDataFrmUpdateStdPge" time="37.381"/>
  <system-out/>
  <testcase classname="com.studennrol.testscripts.StudDetailsPageTest" name="updateNonMandatoryStudDetails" time="9.381"/>
  <system-out/>
  <testcase classname="com.studennrol.testscripts.StudDetailsPageTest" name="validateNonMandtryStudDetAftrUpdate" time="9.465"/>
  <system-out/>
  <testcase classname="com.studennrol.testscripts.StudDetailsPageTest" name="UpdateStudData" time="45.526"/>
  <system-out/>
  <testcase classname="com.studennrol.testscripts.StudDetailsPageTest" name="validateMandtryStudDetAftrUpdate" time="40.587"/>
  <system-out/>
  <testcase classname="com.studennrol.testscripts.StudDetailsPageTest" name="UpdateStudDataBackToNormal" time="45.449"/>
  <system-out/>
  <testcase classname="com.studennrol.testscripts.StudDetailsPageTest" name="LogedOut" time="6.181"/>
  <system-out/>
</testsuite> <!-- com.studennrol.testscripts.StudDetailsPageTest -->
