<?xml version="1.0" encoding="UTF-8"?>
<!-- Generated by org.testng.reporters.JUnitReportReporter -->
<testsuite hostname="AbhilashKT" failures="0" tests="5" name="com.studennrol.testscripts.StudLoginPageTest" time="50.387" errors="0" timestamp="2022-03-14T13:38:08 IST" skipped="0">
  <testcase classname="com.studennrol.testscripts.StudLoginPageTest" name="verifyLoginPage" time="3.129"/>
  <system-out/>
  <testcase classname="com.studennrol.testscripts.StudLoginPageTest" name="verifyInvalidCredential" time="12.747"/>
  <system-out/>
  <testcase classname="com.studennrol.testscripts.StudLoginPageTest" name="verifyInvalidPassword" time="12.532"/>
  <system-out/>
  <testcase classname="com.studennrol.testscripts.StudLoginPageTest" name="verifyInvalidUsername" time="12.481"/>
  <system-out/>
  <testcase classname="com.studennrol.testscripts.StudLoginPageTest" name="verifyValidLogin" time="9.498"/>
  <system-out/>
</testsuite> <!-- com.studennrol.testscripts.StudLoginPageTest -->
